01-04 13:43:41 com_github_MitjaNemec_PlaceFootprints.action_place_footprints 647:Plugin executed on: 'win32'
01-04 13:43:41 com_github_MitjaNemec_PlaceFootprints.action_place_footprints 648:Plugin executed with python version: '3.11.5 (main, Nov  3 2024, 06:58:22) [MSC v.1939 64 bit (AMD64)]'
01-04 13:43:41 com_github_MitjaNemec_PlaceFootprints.action_place_footprints 649:KiCad build version: 8.0.7
01-04 13:43:41 com_github_MitjaNemec_PlaceFootprints.action_place_footprints 650:Plugin version: 3.0.0
01-04 13:43:41 com_github_MitjaNemec_PlaceFootprints.action_place_footprints 651:Frame repr: <wx._core.Frame object at 0x00000217FAE81750>
01-04 13:43:41 com_github_MitjaNemec_PlaceFootprints.place_footprints 121:getting a list of all footprints on board
01-04 13:43:41 com_github_MitjaNemec_PlaceFootprints.place_footprints 156:Footprint U1 on root level
01-04 13:43:41 com_github_MitjaNemec_PlaceFootprints.place_footprints 156:Footprint TP10 on root level
01-04 13:43:41 com_github_MitjaNemec_PlaceFootprints.place_footprints 156:Footprint TP9 on root level
01-04 13:43:41 com_github_MitjaNemec_PlaceFootprints.place_footprints 156:Footprint TP4 on root level
01-04 13:43:41 com_github_MitjaNemec_PlaceFootprints.place_footprints 156:Footprint SW64 on root level
01-04 13:43:41 com_github_MitjaNemec_PlaceFootprints.place_footprints 156:Footprint R46 on root level
01-04 13:43:41 com_github_MitjaNemec_PlaceFootprints.place_footprints 156:Footprint R43 on root level
01-04 13:43:41 com_github_MitjaNemec_PlaceFootprints.place_footprints 156:Footprint J1 on root level
01-04 13:43:43 com_github_MitjaNemec_PlaceFootprints.action_place_footprints 830:Reference designator is: D
01-04 13:43:43 com_github_MitjaNemec_PlaceFootprints.action_place_footprints 831:Reference number is: 1
01-04 13:43:43 com_github_MitjaNemec_PlaceFootprints.action_place_footprints 863:Sorted and filtered list:
['D1', 'D2', 'D3', 'D4', 'D5', 'D6', 'D7', 'D8', 'D9', 'D10', 'D11', 'D12', 'D13', 'D14', 'D15', 'D16', 'D17', 'D18', 'D19', 'D20', 'D21', 'D22', 'D23', 'D24', 'D25', 'D26', 'D27', 'D28', 'D29', 'D30', 'D31', 'D32', 'D33', 'D34', 'D35', 'D36', 'D37', 'D38', 'D39', 'D40', 'D41', 'D42', 'D43', 'D44', 'D45', 'D46', 'D47', 'D48', 'D49', 'D50', 'D51', 'D52', 'D53', 'D54', 'D55', 'D56', 'D57', 'D58', 'D59', 'D60', 'D61', 'D62', 'D63', 'D64', 'D65', 'D66', 'D67', 'D68']
01-04 13:43:43 com_github_MitjaNemec_PlaceFootprints.action_place_footprints 359:wx.Colour(240, 240, 240, 255)
01-04 13:43:53 com_github_MitjaNemec_PlaceFootprints.action_place_footprints 490:'18'
01-04 13:43:53 com_github_MitjaNemec_PlaceFootprints.action_place_footprints 549:Preparing config for reference matrix
01-04 13:43:53 com_github_MitjaNemec_PlaceFootprints.action_place_footprints 556:Saving config file
01-04 13:43:53 com_github_MitjaNemec_PlaceFootprints.action_place_footprints 558:Saved the config file
01-04 13:43:53 com_github_MitjaNemec_PlaceFootprints.action_place_footprints 901:Footprints to place:
['D1', 'D2', 'D3', 'D4', 'D5', 'D6', 'D7', 'D8', 'D9', 'D10', 'D11', 'D12', 'D13', 'D14', 'D15', 'D16', 'D17', 'D18', 'D19', 'D20', 'D21', 'D22', 'D23', 'D24', 'D25', 'D26', 'D27', 'D28', 'D29', 'D30']
01-04 13:43:53 com_github_MitjaNemec_PlaceFootprints.place_footprints 398:Starting placing with matrix layout
01-04 13:43:53 com_github_MitjaNemec_PlaceFootprints.action_place_footprints 971:Placing complete
